<?xml version="1.0" encoding="UTF-8"?>
<testng-results ignored="0" total="1" passed="1" failed="0" skipped="0">
  <reporter-output>
  </reporter-output>
  <suite started-at="2022-09-12T21:10:51 IST" name="Default suite" finished-at="2022-09-12T21:10:54 IST" duration-ms="2443">
    <groups>
    </groups>
    <test started-at="2022-09-12T21:10:51 IST" name="Default test" finished-at="2022-09-12T21:10:54 IST" duration-ms="2443">
      <class name="Testcases.branch">
        <test-method signature="launchChrome()[pri:0, instance:Testcases.branch@222545dc]" started-at="2022-09-12T21:10:51 IST" name="launchChrome" finished-at="2022-09-12T21:10:54 IST" duration-ms="2408" status="PASS">
          <reporter-output>
          </reporter-output>
        </test-method> <!-- launchChrome -->
      </class> <!-- Testcases.branch -->
    </test> <!-- Default test -->
  </suite> <!-- Default suite -->
</testng-results>
